22/12/08 00:47:55 330 [error]: error 메시지 입니다. (1수준)
22/12/08 00:47:55 337 [warn]: warn 메시지 입니다. (2수준)
22/12/08 00:47:55 339 [info]: info 메시지 입니다. (3수준)
22/12/08 00:47:55 339 [verbose]: verbose 메시지 입니다. (4수준)
22/12/08 00:47:55 340 [debug]: debug 메시지 입니다. (5수준)
22/12/08 00:48:21 041 [error]: error 메시지 입니다.
22/12/08 00:48:21 043 [warn]: warn 메시지 입니다.
22/12/08 00:48:21 043 [info]: info 메시지 입니다.
22/12/08 00:48:21 044 [verbose]: verbose 메시지 입니다.
22/12/08 00:48:21 044 [debug]: debug 메시지 입니다.
22/12/08 00:48:29 357 [error]: error 메시지 입니다.
22/12/08 00:48:29 359 [warn]: warn 메시지 입니다.
22/12/08 00:48:29 360 [info]: info 메시지 입니다.
22/12/08 00:48:29 360 [verbose]: verbose 메시지 입니다.
22/12/08 00:48:29 361 [debug]: debug 메시지 입니다.
22/12/08 00:48:30 345 [error]: error 메시지 입니다.
22/12/08 00:48:30 347 [warn]: warn 메시지 입니다.
22/12/08 00:48:30 347 [info]: info 메시지 입니다.
22/12/08 00:48:30 348 [verbose]: verbose 메시지 입니다.
22/12/08 00:48:30 348 [debug]: debug 메시지 입니다.
22/12/08 00:48:31 030 [error]: error 메시지 입니다.
22/12/08 00:48:31 032 [warn]: warn 메시지 입니다.
22/12/08 00:48:31 032 [info]: info 메시지 입니다.
22/12/08 00:48:31 033 [verbose]: verbose 메시지 입니다.
22/12/08 00:48:31 033 [debug]: debug 메시지 입니다.
22/12/08 00:48:42 313 [error]: error 메시지 입니다.
22/12/08 00:48:42 315 [warn]: warn 메시지 입니다.
22/12/08 00:48:42 316 [info]: info 메시지 입니다.
22/12/08 00:48:42 316 [verbose]: verbose 메시지 입니다.
22/12/08 00:48:42 317 [debug]: debug 메시지 입니다.
22/12/08 11:45:41 149 [debug]: 3001번 포트에서 백엔드가 구동되었습니다.
22/12/08 11:45:41 151 [debug]: -------------------------
22/12/08 11:45:41 152 [debug]: http://192.168.55.90:3001
22/12/08 11:46:02 112 [debug]: 프론트엔드가 접속했습니다. : ::ffff:192.168.55.90, 5878
22/12/08 11:46:02 117 [debug]: [object Object]
22/12/08 11:46:02 137 [debug]: 프론트엔드가 접속했습니다. : ::ffff:192.168.55.90, 5879
22/12/08 11:46:02 137 [debug]: [object Object]
22/12/08 11:46:02 157 [debug]: 프론트엔드의 요청 >> [GET] /
22/12/08 11:46:02 255 [debug]: 프론트엔드의 요청 >> [GET] /favicon.ico
22/12/08 11:46:39 767 [debug]: 프론트엔드가 접속했습니다. : ::ffff:192.168.55.90, 5888
22/12/08 11:46:39 768 [debug]: [object Object]
22/12/08 11:46:39 782 [debug]: 프론트엔드의 요청 >> [GET] /hello.html
22/12/08 11:46:39 846 [debug]: 프론트엔드의 요청 >> [GET] /favicon.ico
22/12/08 11:46:41 705 [debug]: 프론트엔드의 요청 >> [GET] /favicon.ico
22/12/08 11:46:46 358 [debug]: 프론트엔드의 요청 >> [GET] /hello.html/%E3%85%81%E3%84%B4%E3%85%87%E3%84%B9
22/12/08 11:46:46 393 [debug]: 프론트엔드의 요청 >> [GET] /favicon.ico
22/12/08 11:46:51 238 [debug]: 프론트엔드의 요청 >> [GET] /hello.html/asdhlfa
22/12/08 11:46:51 275 [debug]: 프론트엔드의 요청 >> [GET] /favicon.ico
22/12/08 11:46:53 272 [debug]: 프론트엔드의 요청 >> [GET] /hello.html/hello.html
22/12/08 11:46:53 310 [debug]: 프론트엔드의 요청 >> [GET] /favicon.ico
22/12/08 11:46:55 233 [debug]: 프론트엔드의 요청 >> [GET] /favicon.ico
22/12/08 11:46:56 112 [debug]: 프론트엔드의 요청 >> [GET] /hello.html/hello.html
22/12/08 11:46:56 151 [debug]: 프론트엔드의 요청 >> [GET] /favicon.ico
22/12/08 11:46:57 052 [debug]: 프론트엔드의 요청 >> [GET] /favicon.ico
22/12/08 11:46:57 705 [debug]: 프론트엔드의 요청 >> [GET] /hello.html/hello.html
22/12/08 11:46:57 738 [debug]: 프론트엔드의 요청 >> [GET] /favicon.ico
22/12/08 11:46:59 150 [debug]: 프론트엔드의 요청 >> [GET] /favicon.ico
22/12/08 11:47:04 434 [debug]: 프론트엔드가 접속했습니다. : ::ffff:192.168.55.90, 5895
22/12/08 11:47:04 435 [debug]: [object Object]
22/12/08 11:47:04 450 [debug]: 프론트엔드의 요청 >> [GET] /hello.html/hello.html
22/12/08 11:47:04 493 [debug]: 프론트엔드의 요청 >> [GET] /favicon.ico
22/12/08 11:47:04 981 [debug]: 프론트엔드의 요청 >> [GET] /hello.html/hello.html
22/12/08 11:47:05 009 [debug]: 프론트엔드의 요청 >> [GET] /favicon.ico
22/12/08 11:47:05 560 [debug]: 프론트엔드의 요청 >> [GET] /hello.html/hello.html
22/12/08 11:47:05 588 [debug]: 프론트엔드의 요청 >> [GET] /favicon.ico
22/12/08 11:47:05 747 [debug]: 프론트엔드의 요청 >> [GET] /hello.html/hello.html
22/12/08 11:47:05 775 [debug]: 프론트엔드의 요청 >> [GET] /favicon.ico
22/12/08 11:47:05 920 [debug]: 프론트엔드의 요청 >> [GET] /hello.html/hello.html
22/12/08 11:47:05 947 [debug]: 프론트엔드의 요청 >> [GET] /favicon.ico
22/12/08 11:47:06 107 [debug]: 프론트엔드의 요청 >> [GET] /hello.html/hello.html
22/12/08 11:47:06 139 [debug]: 프론트엔드의 요청 >> [GET] /favicon.ico
22/12/08 11:47:06 271 [debug]: 프론트엔드의 요청 >> [GET] /hello.html/hello.html
22/12/08 11:47:06 300 [debug]: 프론트엔드의 요청 >> [GET] /favicon.ico
22/12/08 11:47:06 431 [debug]: 프론트엔드의 요청 >> [GET] /hello.html/hello.html
22/12/08 11:47:06 459 [debug]: 프론트엔드의 요청 >> [GET] /favicon.ico
22/12/08 11:47:06 615 [debug]: 프론트엔드의 요청 >> [GET] /hello.html/hello.html
22/12/08 11:47:06 643 [debug]: 프론트엔드의 요청 >> [GET] /favicon.ico
22/12/08 11:47:07 243 [debug]: 프론트엔드의 요청 >> [GET] /favicon.ico
22/12/08 11:47:07 512 [debug]: 프론트엔드의 요청 >> [GET] /favicon.ico
22/12/08 11:47:07 677 [debug]: 프론트엔드의 요청 >> [GET] /favicon.ico
22/12/08 11:47:07 992 [debug]: 프론트엔드의 요청 >> [GET] /favicon.ico
22/12/08 11:47:09 847 [debug]: 프론트엔드의 요청 >> [GET] /hello.html
22/12/08 11:47:09 892 [debug]: 프론트엔드의 요청 >> [GET] /favicon.ico
22/12/08 11:47:10 854 [debug]: 프론트엔드의 요청 >> [GET] /favicon.ico
22/12/08 11:47:14 365 [debug]: 프론트엔드의 요청 >> [GET] /asdf
22/12/08 11:47:14 404 [debug]: 프론트엔드의 요청 >> [GET] /favicon.ico
22/12/08 11:47:16 197 [debug]: 프론트엔드의 요청 >> [GET] /hello.html
22/12/08 11:47:16 243 [debug]: 프론트엔드의 요청 >> [GET] /favicon.ico
22/12/08 11:54:25 925 [debug]: 프론트엔드가 접속했습니다. : ::ffff:192.168.55.90, 6058
22/12/08 11:54:25 925 [debug]: [object Object]
22/12/08 11:55:03 912 [debug]: 3001번 포트에서 백엔드가 구동되었습니다.
22/12/08 11:55:03 914 [debug]: -------------------------
22/12/08 11:55:03 915 [debug]: http://192.168.55.90:3001
22/12/08 11:55:08 123 [debug]: 프론트엔드가 접속했습니다. : ::ffff:192.168.55.90, 6083
22/12/08 11:55:08 124 [debug]: [object Object]
22/12/08 11:56:37 166 [debug]: 3001번 포트에서 백엔드가 구동되었습니다.
22/12/08 11:56:37 169 [debug]: -------------------------
22/12/08 11:56:37 170 [debug]: http://192.168.55.90:3001
22/12/08 11:56:46 275 [debug]: 프론트엔드가 접속했습니다. : ::ffff:192.168.55.90, 6201
22/12/08 11:56:46 276 [debug]: [object Object]
22/12/08 11:56:46 297 [debug]: 프론트엔드가 접속했습니다. : ::ffff:192.168.55.90, 6202
22/12/08 11:56:46 297 [debug]: [object Object]
22/12/08 11:56:46 310 [debug]: 프론트엔드의 요청 >> [GET] /
22/12/08 11:56:46 441 [debug]: 프론트엔드의 요청 >> [GET] /favicon.ico
22/12/08 11:57:24 539 [debug]: 프론트엔드가 접속했습니다. : ::ffff:192.168.55.90, 6232
22/12/08 11:57:24 539 [debug]: [object Object]
22/12/08 11:57:24 554 [debug]: 프론트엔드의 요청 >> [GET] /
22/12/08 11:57:24 644 [debug]: 프론트엔드의 요청 >> [GET] /favicon.ico
22/12/08 11:57:25 605 [debug]: 프론트엔드의 요청 >> [GET] /
22/12/08 11:57:25 691 [debug]: 프론트엔드의 요청 >> [GET] /favicon.ico
22/12/08 11:58:30 711 [debug]: 백엔드가 종료되었습니다.
22/12/08 11:58:30 911 [debug]: 3001번 포트에서 백엔드가 구동되었습니다.
22/12/08 11:58:30 913 [debug]: -------------------------
22/12/08 11:58:30 913 [debug]: http://192.168.55.90:3001
22/12/08 11:58:44 820 [debug]: 백엔드가 종료되었습니다.
22/12/08 11:58:45 009 [debug]: 3001번 포트에서 백엔드가 구동되었습니다.
22/12/08 11:58:45 011 [debug]: -------------------------
22/12/08 11:58:45 012 [debug]: http://192.168.55.90:3001
22/12/08 11:58:49 892 [debug]: 백엔드가 종료되었습니다.
22/12/08 11:59:31 421 [debug]: 3001번 포트에서 백엔드가 구동되었습니다.
22/12/08 11:59:31 423 [debug]: -------------------------
22/12/08 11:59:31 424 [debug]: http://192.168.55.90:3001
22/12/08 11:59:40 431 [debug]: 프론트엔드가 접속했습니다. : ::ffff:192.168.55.90, 6326
22/12/08 11:59:40 434 [debug]: [object Object]
22/12/08 11:59:40 454 [debug]: 프론트엔드가 접속했습니다. : ::ffff:192.168.55.90, 6327
22/12/08 11:59:40 456 [debug]: [object Object]
22/12/08 11:59:40 470 [debug]: 프론트엔드의 요청 >> [GET] /
22/12/08 11:59:40 552 [debug]: 프론트엔드의 요청 >> [GET] /favicon.ico
22/12/08 11:59:47 169 [debug]: 프론트엔드가 접속했습니다. : ::ffff:192.168.55.90, 6331
22/12/08 11:59:47 170 [debug]: [object Object]
22/12/08 11:59:47 185 [debug]: 프론트엔드의 요청 >> [GET] /hello.html
22/12/08 11:59:47 307 [debug]: 프론트엔드의 요청 >> [GET] /favicon.ico
22/12/08 11:59:48 175 [debug]: 프론트엔드의 요청 >> [GET] /favicon.ico
22/12/08 11:59:53 436 [debug]: 프론트엔드가 접속했습니다. : ::ffff:192.168.55.90, 6337
22/12/08 11:59:53 437 [debug]: [object Object]
22/12/08 11:59:53 454 [debug]: 프론트엔드의 요청 >> [GET] /hello.html
22/12/08 11:59:53 544 [debug]: 프론트엔드의 요청 >> [GET] /favicon.ico
22/12/08 11:59:54 669 [debug]: 프론트엔드의 요청 >> [GET] /favicon.ico
22/12/08 12:00:01 160 [debug]: 3001번 포트에서 백엔드가 구동되었습니다.
22/12/08 12:00:01 162 [debug]: -------------------------
22/12/08 12:00:01 163 [debug]: http://192.168.55.90:3001
22/12/08 12:00:13 734 [debug]: 3001번 포트에서 백엔드가 구동되었습니다.
22/12/08 12:00:13 737 [debug]: -------------------------
22/12/08 12:00:13 737 [debug]: http://192.168.55.90:3001
22/12/08 12:00:19 918 [debug]: ads프론트엔드가 접속했습니다. : ::ffff:192.168.55.90, 6353
22/12/08 12:00:19 919 [debug]: [object Object]
22/12/08 12:00:19 935 [debug]: ads프론트엔드가 접속했습니다. : ::ffff:192.168.55.90, 6354
22/12/08 12:00:19 936 [debug]: [object Object]
22/12/08 12:00:19 949 [debug]: 프론트엔드의 요청 >> [GET] /hello.html
22/12/08 12:00:20 083 [debug]: 프론트엔드의 요청 >> [GET] /favicon.ico
22/12/08 12:00:32 594 [debug]: 3001번 포트에서 백엔드가 구동되었습니다.
22/12/08 12:00:32 596 [debug]: -------------------------
22/12/08 12:00:32 597 [debug]: http://192.168.55.90:3001
22/12/08 12:00:40 983 [debug]: 3001번 포트에서 백엔드가 구동되었습니다.
22/12/08 12:00:40 985 [debug]: -------------------------
22/12/08 12:00:40 986 [debug]: http://192.168.55.90:3001
22/12/08 12:00:43 478 [debug]: 프론트엔드가 접속했습니다. : ::ffff:192.168.55.90, 6372
22/12/08 12:00:43 479 [debug]: [object Object]
22/12/08 12:00:43 496 [debug]: asd프론트엔드의 요청 >> [GET] /favicon.ico
22/12/08 12:00:48 560 [debug]: 3001번 포트에서 백엔드가 구동되었습니다.
22/12/08 12:00:48 562 [debug]: -------------------------
22/12/08 12:00:48 562 [debug]: http://192.168.55.90:3001
22/12/08 12:01:42 520 [debug]: 프론트엔드가 접속했습니다. : ::ffff:192.168.55.200, 59374
22/12/08 12:01:42 521 [debug]: [object Object]
22/12/08 12:01:42 538 [debug]: 프론트엔드의 요청 >> [GET] /
22/12/08 12:01:42 756 [debug]: 프론트엔드의 요청 >> [GET] /favicon.ico
22/12/08 12:01:46 503 [debug]: 프론트엔드의 요청 >> [GET] /hello.html
22/12/08 12:01:46 581 [debug]: 프론트엔드의 요청 >> [GET] /favicon.ico
22/12/08 12:01:54 511 [debug]: 프론트엔드가 접속했습니다. : ::ffff:192.168.55.200, 59382
22/12/08 12:01:54 511 [debug]: [object Object]
22/12/08 12:01:54 523 [debug]: 프론트엔드의 요청 >> [GET] /favicon.ico
22/12/08 12:01:57 514 [debug]: 프론트엔드의 요청 >> [GET] /hello.html
22/12/08 12:01:57 580 [debug]: 프론트엔드의 요청 >> [GET] /favicon.ico
22/12/08 12:01:59 333 [debug]: 프론트엔드의 요청 >> [GET] /favicon.ico
22/12/08 12:02:03 385 [debug]: 프론트엔드의 요청 >> [GET] /
22/12/08 12:02:03 507 [debug]: 프론트엔드의 요청 >> [GET] /favicon.ico
22/12/08 12:02:08 723 [debug]: 프론트엔드가 접속했습니다. : ::ffff:192.168.55.200, 59410
22/12/08 12:02:08 724 [debug]: [object Object]
22/12/08 12:02:08 736 [debug]: 프론트엔드의 요청 >> [GET] /
22/12/08 12:02:08 851 [debug]: 프론트엔드의 요청 >> [GET] /favicon.ico
22/12/08 12:02:12 858 [debug]: 프론트엔드의 요청 >> [GET] /hello.html
22/12/08 12:02:12 929 [debug]: 프론트엔드의 요청 >> [GET] /favicon.ico
22/12/08 12:02:18 723 [debug]: 프론트엔드가 접속했습니다. : ::ffff:192.168.55.200, 59412
22/12/08 12:02:18 723 [debug]: [object Object]
22/12/08 12:02:18 734 [debug]: 프론트엔드의 요청 >> [GET] /favicon.ico
22/12/08 12:02:21 482 [debug]: 프론트엔드의 요청 >> [GET] /
22/12/08 12:02:21 587 [debug]: 프론트엔드의 요청 >> [GET] /favicon.ico
22/12/08 12:02:23 885 [debug]: 프론트엔드의 요청 >> [GET] /hello.html
22/12/08 12:02:23 972 [debug]: 프론트엔드의 요청 >> [GET] /favicon.ico
22/12/08 12:02:25 990 [debug]: 프론트엔드의 요청 >> [GET] /favicon.ico
22/12/08 12:02:28 545 [debug]: 프론트엔드의 요청 >> [GET] /hello.html
22/12/08 12:02:28 625 [debug]: 프론트엔드의 요청 >> [GET] /favicon.ico
22/12/08 12:02:34 758 [debug]: 프론트엔드가 접속했습니다. : ::ffff:192.168.55.200, 59414
22/12/08 12:02:34 758 [debug]: [object Object]
22/12/08 12:02:34 770 [debug]: 프론트엔드의 요청 >> [GET] /favicon.ico
22/12/08 12:03:54 483 [debug]: 백엔드가 종료되었습니다.
22/12/08 12:22:06 235 [debug]: 3001번 포트에서 백엔드가 구동되었습니다.
22/12/08 12:22:06 237 [debug]: -------------------------
22/12/08 12:22:06 238 [debug]: http://192.168.55.90:3001
22/12/08 12:45:17 332 [debug]: 3001번 포트에서 백엔드가 구동되었습니다.
22/12/08 12:45:17 334 [debug]: -------------------------
22/12/08 12:45:17 334 [debug]: http://192.168.55.90:3001
22/12/08 12:45:20 548 [debug]: 프론트엔드가 접속했습니다. : ::ffff:192.168.55.90, 7490
22/12/08 12:45:20 550 [debug]: [object Object]
22/12/08 12:45:20 572 [debug]: 프론트엔드가 접속했습니다. : ::ffff:192.168.55.90, 7491
22/12/08 12:45:20 573 [debug]: [object Object]
22/12/08 12:45:20 591 [debug]: 프론트엔드의 요청 >> [GET] /
22/12/08 12:45:20 720 [debug]: 프론트엔드의 요청 >> [GET] /favicon.ico
22/12/08 12:45:35 790 [debug]: 프론트엔드가 접속했습니다. : ::ffff:192.168.55.90, 7498
22/12/08 12:45:35 791 [debug]: [object Object]
22/12/08 12:45:35 805 [debug]: 프론트엔드의 요청 >> [GET] /
22/12/08 12:45:35 832 [debug]: 프론트엔드의 요청 >> [GET] /favicon.ico
22/12/08 12:45:48 360 [debug]: 프론트엔드가 접속했습니다. : ::1, 7502
22/12/08 12:45:48 361 [debug]: [object Object]
22/12/08 12:45:48 375 [debug]: 프론트엔드가 접속했습니다. : ::1, 7503
22/12/08 12:45:48 376 [debug]: [object Object]
22/12/08 12:45:48 389 [debug]: 프론트엔드의 요청 >> [GET] /
22/12/08 12:45:48 464 [debug]: 프론트엔드의 요청 >> [GET] /favicon.ico
22/12/08 12:46:18 258 [debug]: 프론트엔드가 접속했습니다. : ::1, 7516
22/12/08 12:46:18 259 [debug]: [object Object]
22/12/08 12:46:18 274 [debug]: 프론트엔드의 요청 >> [GET] /
22/12/08 12:46:18 348 [debug]: 프론트엔드의 요청 >> [GET] /favicon.ico
22/12/08 12:46:20 591 [debug]: 프론트엔드의 요청 >> [GET] /
22/12/08 12:46:20 669 [debug]: 프론트엔드의 요청 >> [GET] /favicon.ico
22/12/08 12:46:23 166 [debug]: 프론트엔드가 접속했습니다. : ::1, 7518
22/12/08 12:46:23 167 [debug]: [object Object]
22/12/08 12:46:23 180 [debug]: 프론트엔드의 요청 >> [GET] /
22/12/08 12:46:24 008 [debug]: 프론트엔드의 요청 >> [POST] /
22/12/08 12:46:24 589 [debug]: 프론트엔드의 요청 >> [OPTIONS] /
22/12/08 12:46:24 590 [debug]: 프론트엔드가 접속했습니다. : ::1, 7519
22/12/08 12:46:24 590 [debug]: [object Object]
22/12/08 12:46:24 602 [debug]: 프론트엔드의 요청 >> [PUT] /
22/12/08 12:46:25 506 [debug]: 프론트엔드의 요청 >> [OPTIONS] /
22/12/08 12:46:25 508 [debug]: 프론트엔드의 요청 >> [DELETE] /
22/12/08 12:46:32 307 [debug]: 프론트엔드의 요청 >> [GET] /
22/12/08 12:46:33 293 [debug]: 프론트엔드의 요청 >> [POST] /
22/12/08 12:46:35 046 [debug]: 프론트엔드의 요청 >> [OPTIONS] /
22/12/08 12:46:35 048 [debug]: 프론트엔드가 접속했습니다. : ::1, 7522
22/12/08 12:46:35 048 [debug]: [object Object]
22/12/08 12:46:35 062 [debug]: 프론트엔드의 요청 >> [PUT] /
22/12/08 12:46:37 199 [debug]: 프론트엔드의 요청 >> [OPTIONS] /
22/12/08 12:46:37 200 [debug]: 프론트엔드의 요청 >> [DELETE] /
22/12/08 12:46:40 635 [debug]: 프론트엔드의 요청 >> [OPTIONS] /
22/12/08 12:46:40 636 [debug]: 프론트엔드의 요청 >> [DELETE] /
22/12/08 12:46:41 448 [debug]: 프론트엔드의 요청 >> [OPTIONS] /
22/12/08 12:46:41 450 [debug]: 프론트엔드의 요청 >> [DELETE] /
22/12/08 12:46:41 895 [debug]: 프론트엔드의 요청 >> [OPTIONS] /
22/12/08 12:46:41 896 [debug]: 프론트엔드의 요청 >> [DELETE] /
22/12/08 12:46:42 196 [debug]: 프론트엔드의 요청 >> [OPTIONS] /
22/12/08 12:46:42 197 [debug]: 프론트엔드의 요청 >> [DELETE] /
22/12/08 12:46:42 487 [debug]: 프론트엔드의 요청 >> [OPTIONS] /
22/12/08 12:46:42 488 [debug]: 프론트엔드의 요청 >> [DELETE] /
22/12/08 12:46:42 912 [debug]: 프론트엔드의 요청 >> [OPTIONS] /
22/12/08 12:46:42 913 [debug]: 프론트엔드의 요청 >> [DELETE] /
22/12/08 12:46:43 300 [debug]: 프론트엔드의 요청 >> [OPTIONS] /
22/12/08 12:46:43 301 [debug]: 프론트엔드의 요청 >> [DELETE] /
22/12/08 12:46:43 690 [debug]: 프론트엔드의 요청 >> [OPTIONS] /
22/12/08 12:46:43 691 [debug]: 프론트엔드의 요청 >> [DELETE] /
22/12/08 12:46:44 039 [debug]: 프론트엔드의 요청 >> [OPTIONS] /
22/12/08 12:46:44 040 [debug]: 프론트엔드의 요청 >> [DELETE] /
22/12/08 12:46:45 598 [debug]: 프론트엔드의 요청 >> [GET] /
22/12/08 12:46:46 478 [debug]: 프론트엔드의 요청 >> [POST] /
22/12/08 12:46:47 786 [debug]: 프론트엔드의 요청 >> [OPTIONS] /
22/12/08 12:46:47 788 [debug]: 프론트엔드의 요청 >> [PUT] /
22/12/08 12:46:48 720 [debug]: 프론트엔드의 요청 >> [OPTIONS] /
22/12/08 12:46:48 721 [debug]: 프론트엔드의 요청 >> [DELETE] /
22/12/08 12:46:49 717 [debug]: 프론트엔드의 요청 >> [OPTIONS] /
22/12/08 12:46:49 718 [debug]: 프론트엔드의 요청 >> [DELETE] /
22/12/08 12:46:50 148 [debug]: 프론트엔드의 요청 >> [OPTIONS] /
22/12/08 12:46:50 150 [debug]: 프론트엔드의 요청 >> [PUT] /
22/12/08 12:46:50 527 [debug]: 프론트엔드의 요청 >> [POST] /
22/12/08 12:46:51 248 [debug]: 프론트엔드의 요청 >> [GET] /
22/12/08 12:46:51 831 [debug]: 프론트엔드의 요청 >> [GET] /
22/12/08 12:46:52 092 [debug]: 프론트엔드의 요청 >> [POST] /
